2026-01-31T06:11:33.782Z	Initializing build environment...
2026-01-31T06:11:35.371Z	Success: Finished initializing build environment
2026-01-31T06:11:35.826Z	Cloning repository...
2026-01-31T06:11:36.897Z	Detected the following tools from environment: npm@10.9.2, nodejs@22.16.0
2026-01-31T06:11:36.899Z	Installing project dependencies: npm clean-install --progress=false
2026-01-31T06:11:42.992Z	npm warn deprecated node-domexception@1.0.0: Use your platform's native DOMException instead
2026-01-31T06:12:05.822Z	
2026-01-31T06:12:05.822Z	added 1168 packages, and audited 1169 packages in 29s
2026-01-31T06:12:05.822Z	
2026-01-31T06:12:05.823Z	191 packages are looking for funding
2026-01-31T06:12:05.823Z	  run `npm fund` for details
2026-01-31T06:12:05.920Z	
2026-01-31T06:12:05.920Z	30 vulnerabilities (6 low, 24 high)
2026-01-31T06:12:05.920Z	
2026-01-31T06:12:05.921Z	To address issues that do not require attention, run:
2026-01-31T06:12:05.921Z	  npm audit fix
2026-01-31T06:12:05.921Z	
2026-01-31T06:12:05.922Z	To address all issues (including breaking changes), run:
2026-01-31T06:12:05.922Z	  npm audit fix --force
2026-01-31T06:12:05.922Z	
2026-01-31T06:12:05.922Z	Run `npm audit` for details.
2026-01-31T06:12:06.270Z	Executing user build command: npm run build
2026-01-31T06:12:06.517Z	
2026-01-31T06:12:06.517Z	> vocab@0.1.0 build
2026-01-31T06:12:06.517Z	> next build
2026-01-31T06:12:06.517Z	
2026-01-31T06:12:07.383Z	âš  No build cache found. Please configure build caching for faster rebuilds. Read more: https://nextjs.org/docs/messages/no-cache
2026-01-31T06:12:07.388Z	Attention: Next.js now collects completely anonymous telemetry regarding usage.
2026-01-31T06:12:07.388Z	This information is used to shape Next.js' roadmap and prioritize features.
2026-01-31T06:12:07.388Z	You can learn more, including how to opt-out if you'd not like to participate in this anonymous program, by visiting the following URL:
2026-01-31T06:12:07.388Z	https://nextjs.org/telemetry
2026-01-31T06:12:07.388Z	
2026-01-31T06:12:07.401Z	â–² Next.js 16.1.5 (Turbopack)
2026-01-31T06:12:07.401Z	
2026-01-31T06:12:08.395Z	  Creating an optimized production build ...
2026-01-31T06:12:19.359Z	âœ“ Compiled successfully in 10.3s
2026-01-31T06:12:19.380Z	  Running TypeScript ...
2026-01-31T06:12:23.975Z	  Collecting page data using 1 worker ...
2026-01-31T06:12:24.363Z	âš  Using edge runtime on a page currently disables static generation for that page
2026-01-31T06:12:24.774Z	  Generating static pages using 1 worker (0/1) ...
2026-01-31T06:12:24.901Z	âœ“ Generating static pages using 1 worker (1/1) in 127.8ms
2026-01-31T06:12:24.909Z	  Finalizing page optimization ...
2026-01-31T06:12:24.918Z	
2026-01-31T06:12:24.920Z	Route (app)
2026-01-31T06:12:24.921Z	â”Œ Æ’ /
2026-01-31T06:12:24.921Z	â”œ Æ’ /_not-found
2026-01-31T06:12:24.921Z	â”œ Æ’ /[contentId]/[episodeId]
2026-01-31T06:12:24.921Z	â”œ Æ’ /api/auth/login
2026-01-31T06:12:24.921Z	â”œ Æ’ /api/auth/logout
2026-01-31T06:12:24.921Z	â”œ Æ’ /api/auth/register
2026-01-31T06:12:24.921Z	â”œ Æ’ /api/subtitles/upload
2026-01-31T06:12:24.921Z	â”œ Æ’ /api/vocab/status
2026-01-31T06:12:24.921Z	â”œ Æ’ /dashboard
2026-01-31T06:12:24.921Z	â”œ Æ’ /episode/[episodeId]
2026-01-31T06:12:24.921Z	â”œ Æ’ /film/[filmId]
2026-01-31T06:12:24.921Z	â”œ Æ’ /login
2026-01-31T06:12:24.921Z	â”œ Æ’ /processing
2026-01-31T06:12:24.922Z	â”œ Æ’ /register
2026-01-31T06:12:24.922Z	â”œ Æ’ /subtitles
2026-01-31T06:12:24.922Z	â”œ Æ’ /upload
2026-01-31T06:12:24.922Z	â”” Æ’ /usage
2026-01-31T06:12:24.922Z	
2026-01-31T06:12:24.922Z	
2026-01-31T06:12:24.923Z	Æ’  (Dynamic)  server-rendered on demand
2026-01-31T06:12:24.923Z	
2026-01-31T06:12:25.100Z	Success: Build command completed
2026-01-31T06:12:25.354Z	Executing user deploy command: npx wrangler deploy
2026-01-31T06:12:26.896Z	
2026-01-31T06:12:26.897Z	 â›…ï¸ wrangler 4.61.1
2026-01-31T06:12:26.897Z	â”€â”€â”€â”€â”€â”€â”€â”€â”€â”€â”€â”€â”€â”€â”€â”€â”€â”€â”€
2026-01-31T06:12:26.925Z	
2026-01-31T06:12:26.925Z	Cloudflare collects anonymous telemetry about your usage of Wrangler. Learn more at https://github.com/cloudflare/workers-sdk/tree/main/packages/wrangler/telemetry.md
2026-01-31T06:12:26.927Z	
2026-01-31T06:12:26.984Z	âœ˜ [ERROR] The entry-point file at ".open-next/worker.js" was not found.
2026-01-31T06:12:26.985Z	
2026-01-31T06:12:26.985Z	
2026-01-31T06:12:27.049Z	ğŸªµ  Logs were written to "/opt/buildhome/.config/.wrangler/logs/wrangler-2026-01-31_06-12-26_305.log"
2026-01-31T06:12:28.625Z	Failed: error occurred while running deploy command